# JRE version: OpenJDK Runtime Environment (8.0_242-b01) (build 1.8.0_242-release-1644-b01)
# Java VM: OpenJDK 64-Bit Server VM (25.242-b01 mixed mode windows-amd64 compressed oops)
Heap:
 PSYoungGen      total 497664K, used 229707K [0x00000000d5580000, 0x00000000fa180000, 0x0000000100000000)
  eden space 448000K, 47% used [0x00000000d5580000,0x00000000e240c680,0x00000000f0b00000)
  from space 49664K, 36% used [0x00000000f0b00000,0x00000000f1cc6768,0x00000000f3b80000)
  to   space 47104K, 0% used [0x00000000f7380000,0x00000000f7380000,0x00000000fa180000)
 ParOldGen       total 146944K, used 80038K [0x0000000080000000, 0x0000000088f80000, 0x00000000d5580000)
  object space 146944K, 54% used [0x0000000080000000,0x0000000084e298e0,0x0000000088f80000)
 Metaspace       used 103781K, capacity 109322K, committed 110488K, reserved 1144832K
  class space    used 13566K, capacity 14546K, committed 15024K, reserved 1048576K
GC Heap History (10 events):
Event: 13.557 GC heap before
{Heap before GC invocations=13 (full 3):
 PSYoungGen      total 367104K, used 347648K [0x00000000d5580000, 0x00000000f1c80000, 0x0000000100000000)
  eden space 347648K, 100% used [0x00000000d5580000,0x00000000ea900000,0x00000000ea900000)
  from space 19456K, 0% used [0x00000000ea900000,0x00000000ea900000,0x00000000ebc00000)
  to   space 24576K, 0% used [0x00000000f0480000,0x00000000f0480000,0x00000000f1c80000)
 ParOldGen       total 146944K, used 37194K [0x0000000080000000, 0x0000000088f80000, 0x00000000d5580000)
  object space 146944K, 25% used [0x0000000080000000,0x0000000082452b88,0x0000000088f80000)
 Metaspace       used 66268K, capacity 69598K, committed 69656K, reserved 1110016K
  class space    used 9135K, capacity 9749K, committed 9776K, reserved 1048576K
Event: 13.593 GC heap after
Heap after GC invocations=13 (full 3):
 PSYoungGen      total 422400K, used 24209K [0x00000000d5580000, 0x00000000f1c80000, 0x0000000100000000)
  eden space 397824K, 0% used [0x00000000d5580000,0x00000000d5580000,0x00000000eda00000)
  from space 24576K, 98% used [0x00000000f0480000,0x00000000f1c24550,0x00000000f1c80000)
  to   space 28160K, 0% used [0x00000000ee580000,0x00000000ee580000,0x00000000f0100000)
 ParOldGen       total 146944K, used 37202K [0x0000000080000000, 0x0000000088f80000, 0x00000000d5580000)
  object space 146944K, 25% used [0x0000000080000000,0x0000000082454b88,0x0000000088f80000)
 Metaspace       used 66268K, capacity 69598K, committed 69656K, reserved 1110016K
  class space    used 9135K, capacity 9749K, committed 9776K, reserved 1048576K
}
Event: 19.526 GC heap before
{Heap before GC invocations=14 (full 3):
 PSYoungGen      total 422400K, used 422033K [0x00000000d5580000, 0x00000000f1c80000, 0x0000000100000000)
  eden space 397824K, 100% used [0x00000000d5580000,0x00000000eda00000,0x00000000eda00000)
  from space 24576K, 98% used [0x00000000f0480000,0x00000000f1c24550,0x00000000f1c80000)
  to   space 28160K, 0% used [0x00000000ee580000,0x00000000ee580000,0x00000000f0100000)
 ParOldGen       total 146944K, used 37202K [0x0000000080000000, 0x0000000088f80000, 0x00000000d5580000)
  object space 146944K, 25% used [0x0000000080000000,0x0000000082454b88,0x0000000088f80000)
 Metaspace       used 84757K, capacity 88562K, committed 88728K, reserved 1126400K
  class space    used 11222K, capacity 11914K, committed 11952K, reserved 1048576K
Event: 19.599 GC heap after
Heap after GC invocations=14 (full 3):
 PSYoungGen      total 437760K, used 28144K [0x00000000d5580000, 0x00000000f6880000, 0x0000000100000000)
  eden space 409600K, 0% used [0x00000000d5580000,0x00000000d5580000,0x00000000ee580000)
  from space 28160K, 99% used [0x00000000ee580000,0x00000000f00fc250,0x00000000f0100000)
  to   space 46080K, 0% used [0x00000000f3b80000,0x00000000f3b80000,0x00000000f6880000)
 ParOldGen       total 146944K, used 74174K [0x0000000080000000, 0x0000000088f80000, 0x00000000d5580000)
  object space 146944K, 50% used [0x0000000080000000,0x000000008486f9f0,0x0000000088f80000)
 Metaspace       used 84757K, capacity 88562K, committed 88728K, reserved 1126400K
  class space    used 11222K, capacity 11914K, committed 11952K, reserved 1048576K
}
Event: 21.714 GC heap before
{Heap before GC invocations=15 (full 3):
 PSYoungGen      total 437760K, used 165055K [0x00000000d5580000, 0x00000000f6880000, 0x0000000100000000)
  eden space 409600K, 33% used [0x00000000d5580000,0x00000000ddb339f8,0x00000000ee580000)
  from space 28160K, 99% used [0x00000000ee580000,0x00000000f00fc250,0x00000000f0100000)
  to   space 46080K, 0% used [0x00000000f3b80000,0x00000000f3b80000,0x00000000f6880000)
 ParOldGen       total 146944K, used 74174K [0x0000000080000000, 0x0000000088f80000, 0x00000000d5580000)
  object space 146944K, 50% used [0x0000000080000000,0x000000008486f9f0,0x0000000088f80000)
 Metaspace       used 92522K, capacity 98562K, committed 98600K, reserved 1134592K
  class space    used 12571K, capacity 13744K, committed 13744K, reserved 1048576K
Event: 21.769 GC heap after
Heap after GC invocations=15 (full 3):
 PSYoungGen      total 494080K, used 35367K [0x00000000d5580000, 0x00000000f8280000, 0x0000000100000000)
  eden space 448000K, 0% used [0x00000000d5580000,0x00000000d5580000,0x00000000f0b00000)
  from space 46080K, 76% used [0x00000000f3b80000,0x00000000f5e09d08,0x00000000f6880000)
  to   space 49664K, 0% used [0x00000000f0b00000,0x00000000f0b00000,0x00000000f3b80000)
 ParOldGen       total 146944K, used 87543K [0x0000000080000000, 0x0000000088f80000, 0x00000000d5580000)
  object space 146944K, 59% used [0x0000000080000000,0x000000008557dea8,0x0000000088f80000)
 Metaspace       used 92522K, capacity 98562K, committed 98600K, reserved 1134592K
  class space    used 12571K, capacity 13744K, committed 13744K, reserved 1048576K
}
Event: 21.769 GC heap before
{Heap before GC invocations=16 (full 4):
 PSYoungGen      total 494080K, used 35367K [0x00000000d5580000, 0x00000000f8280000, 0x0000000100000000)
  eden space 448000K, 0% used [0x00000000d5580000,0x00000000d5580000,0x00000000f0b00000)
  from space 46080K, 76% used [0x00000000f3b80000,0x00000000f5e09d08,0x00000000f6880000)
  to   space 49664K, 0% used [0x00000000f0b00000,0x00000000f0b00000,0x00000000f3b80000)
 ParOldGen       total 146944K, used 87543K [0x0000000080000000, 0x0000000088f80000, 0x00000000d5580000)
  object space 146944K, 59% used [0x0000000080000000,0x000000008557dea8,0x0000000088f80000)
 Metaspace       used 92522K, capacity 98562K, committed 98600K, reserved 1134592K
  class space    used 12571K, capacity 13744K, committed 13744K, reserved 1048576K
Event: 22.092 GC heap after
Heap after GC invocations=16 (full 4):
 PSYoungGen      total 494080K, used 0K [0x00000000d5580000, 0x00000000f8280000, 0x0000000100000000)
  eden space 448000K, 0% used [0x00000000d5580000,0x00000000d5580000,0x00000000f0b00000)
  from space 46080K, 0% used [0x00000000f3b80000,0x00000000f3b80000,0x00000000f6880000)
  to   space 49664K, 0% used [0x00000000f0b00000,0x00000000f0b00000,0x00000000f3b80000)
 ParOldGen       total 146944K, used 80030K [0x0000000080000000, 0x0000000088f80000, 0x00000000d5580000)
  object space 146944K, 54% used [0x0000000080000000,0x0000000084e278e0,0x0000000088f80000)
 Metaspace       used 90767K, capacity 94396K, committed 98600K, reserved 1134592K
  class space    used 11944K, capacity 12623K, committed 13744K, reserved 1048576K
}
Event: 202.246 GC heap before
{Heap before GC invocations=17 (full 4):
 PSYoungGen      total 494080K, used 448000K [0x00000000d5580000, 0x00000000f8280000, 0x0000000100000000)
  eden space 448000K, 100% used [0x00000000d5580000,0x00000000f0b00000,0x00000000f0b00000)
  from space 46080K, 0% used [0x00000000f3b80000,0x00000000f3b80000,0x00000000f6880000)
  to   space 49664K, 0% used [0x00000000f0b00000,0x00000000f0b00000,0x00000000f3b80000)
 ParOldGen       total 146944K, used 80030K [0x0000000080000000, 0x0000000088f80000, 0x00000000d5580000)
  object space 146944K, 54% used [0x0000000080000000,0x0000000084e278e0,0x0000000088f80000)
 Metaspace       used 103321K, capacity 108816K, committed 109976K, reserved 1144832K
  class space    used 13537K, capacity 14519K, committed 15024K, reserved 1048576K
Event: 202.266 GC heap after
Heap after GC invocations=17 (full 4):
 PSYoungGen      total 497664K, used 18201K [0x00000000d5580000, 0x00000000fa180000, 0x0000000100000000)
  eden space 448000K, 0% used [0x00000000d5580000,0x00000000d5580000,0x00000000f0b00000)
  from space 49664K, 36% used [0x00000000f0b00000,0x00000000f1cc6768,0x00000000f3b80000)
  to   space 47104K, 0% used [0x00000000f7380000,0x00000000f7380000,0x00000000fa180000)
 ParOldGen       total 146944K, used 80038K [0x0000000080000000, 0x0000000088f80000, 0x00000000d5580000)
  object space 146944K, 54% used [0x0000000080000000,0x0000000084e298e0,0x0000000088f80000)
 Metaspace       used 103321K, capacity 108816K, committed 109976K, reserved 1144832K
  class space    used 13537K, capacity 14519K, committed 15024K, reserved 1048576K
}

