# JRE version: OpenJDK Runtime Environment (8.0_242-b01) (build 1.8.0_242-release-1644-b01)
# Java VM: OpenJDK 64-Bit Server VM (25.242-b01 mixed mode windows-amd64 compressed oops)
Heap:
 PSYoungGen      total 342016K, used 192978K [0x00000000d5580000, 0x00000000f1900000, 0x0000000100000000)
  eden space 290816K, 63% used [0x00000000d5580000,0x00000000e0aeb410,0x00000000e7180000)
  from space 51200K, 14% used [0x00000000e7180000,0x00000000e78894d0,0x00000000ea380000)
  to   space 55296K, 0% used [0x00000000ee300000,0x00000000ee300000,0x00000000f1900000)
 ParOldGen       total 296960K, used 136328K [0x0000000080000000, 0x0000000092200000, 0x00000000d5580000)
  object space 296960K, 45% used [0x0000000080000000,0x0000000088522290,0x0000000092200000)
 Metaspace       used 90307K, capacity 94064K, committed 95512K, reserved 1132544K
  class space    used 12084K, capacity 12779K, committed 13104K, reserved 1048576K
GC Heap History (10 events):
Event: 8.305 GC heap before
{Heap before GC invocations=13 (full 3):
 PSYoungGen      total 286720K, used 17404K [0x00000000d5580000, 0x00000000e8b00000, 0x0000000100000000)
  eden space 269312K, 0% used [0x00000000d5580000,0x00000000d5580000,0x00000000e5c80000)
  from space 17408K, 99% used [0x00000000e7300000,0x00000000e83ff340,0x00000000e8400000)
  to   space 23040K, 0% used [0x00000000e5c80000,0x00000000e5c80000,0x00000000e7300000)
 ParOldGen       total 84992K, used 25276K [0x0000000080000000, 0x0000000085300000, 0x00000000d5580000)
  object space 84992K, 29% used [0x0000000080000000,0x00000000818af3a8,0x0000000085300000)
 Metaspace       used 56570K, capacity 59028K, committed 59160K, reserved 1099776K
  class space    used 7744K, capacity 8234K, committed 8240K, reserved 1048576K
Event: 8.713 GC heap after
Heap after GC invocations=13 (full 3):
 PSYoungGen      total 286720K, used 0K [0x00000000d5580000, 0x00000000e8b00000, 0x0000000100000000)
  eden space 269312K, 0% used [0x00000000d5580000,0x00000000d5580000,0x00000000e5c80000)
  from space 17408K, 0% used [0x00000000e7300000,0x00000000e7300000,0x00000000e8400000)
  to   space 23040K, 0% used [0x00000000e5c80000,0x00000000e5c80000,0x00000000e7300000)
 ParOldGen       total 136704K, used 37876K [0x0000000080000000, 0x0000000088580000, 0x00000000d5580000)
  object space 136704K, 27% used [0x0000000080000000,0x00000000824fd1a0,0x0000000088580000)
 Metaspace       used 56500K, capacity 58794K, committed 59160K, reserved 1099776K
  class space    used 7723K, capacity 8195K, committed 8240K, reserved 1048576K
}
Event: 11.792 GC heap before
{Heap before GC invocations=14 (full 3):
 PSYoungGen      total 286720K, used 269312K [0x00000000d5580000, 0x00000000e8b00000, 0x0000000100000000)
  eden space 269312K, 100% used [0x00000000d5580000,0x00000000e5c80000,0x00000000e5c80000)
  from space 17408K, 0% used [0x00000000e7300000,0x00000000e7300000,0x00000000e8400000)
  to   space 23040K, 0% used [0x00000000e5c80000,0x00000000e5c80000,0x00000000e7300000)
 ParOldGen       total 136704K, used 37876K [0x0000000080000000, 0x0000000088580000, 0x00000000d5580000)
  object space 136704K, 27% used [0x0000000080000000,0x00000000824fd1a0,0x0000000088580000)
 Metaspace       used 68116K, capacity 71578K, committed 71832K, reserved 1112064K
  class space    used 9415K, capacity 10055K, committed 10160K, reserved 1048576K
Event: 11.821 GC heap after
Heap after GC invocations=14 (full 3):
 PSYoungGen      total 292352K, used 23015K [0x00000000d5580000, 0x00000000ebe00000, 0x0000000100000000)
  eden space 269312K, 0% used [0x00000000d5580000,0x00000000d5580000,0x00000000e5c80000)
  from space 23040K, 99% used [0x00000000e5c80000,0x00000000e72f9dc0,0x00000000e7300000)
  to   space 27136K, 0% used [0x00000000ea380000,0x00000000ea380000,0x00000000ebe00000)
 ParOldGen       total 136704K, used 39640K [0x0000000080000000, 0x0000000088580000, 0x00000000d5580000)
  object space 136704K, 28% used [0x0000000080000000,0x00000000826b6310,0x0000000088580000)
 Metaspace       used 68116K, capacity 71578K, committed 71832K, reserved 1112064K
  class space    used 9415K, capacity 10055K, committed 10160K, reserved 1048576K
}
Event: 13.996 GC heap before
{Heap before GC invocations=15 (full 3):
 PSYoungGen      total 292352K, used 292327K [0x00000000d5580000, 0x00000000ebe00000, 0x0000000100000000)
  eden space 269312K, 100% used [0x00000000d5580000,0x00000000e5c80000,0x00000000e5c80000)
  from space 23040K, 99% used [0x00000000e5c80000,0x00000000e72f9dc0,0x00000000e7300000)
  to   space 27136K, 0% used [0x00000000ea380000,0x00000000ea380000,0x00000000ebe00000)
 ParOldGen       total 136704K, used 39640K [0x0000000080000000, 0x0000000088580000, 0x00000000d5580000)
  object space 136704K, 28% used [0x0000000080000000,0x00000000826b6310,0x0000000088580000)
 Metaspace       used 74852K, capacity 79148K, committed 79384K, reserved 1118208K
  class space    used 10454K, capacity 11246K, committed 11312K, reserved 1048576K
Event: 14.106 GC heap after
Heap after GC invocations=15 (full 3):
 PSYoungGen      total 317952K, used 27120K [0x00000000d5580000, 0x00000000ef700000, 0x0000000100000000)
  eden space 290816K, 0% used [0x00000000d5580000,0x00000000d5580000,0x00000000e7180000)
  from space 27136K, 99% used [0x00000000ea380000,0x00000000ebdfc118,0x00000000ebe00000)
  to   space 51200K, 0% used [0x00000000e7180000,0x00000000e7180000,0x00000000ea380000)
 ParOldGen       total 136704K, used 94004K [0x0000000080000000, 0x0000000088580000, 0x00000000d5580000)
  object space 136704K, 68% used [0x0000000080000000,0x0000000085bcd2e0,0x0000000088580000)
 Metaspace       used 74852K, capacity 79148K, committed 79384K, reserved 1118208K
  class space    used 10454K, capacity 11246K, committed 11312K, reserved 1048576K
}
Event: 16.181 GC heap before
{Heap before GC invocations=16 (full 3):
 PSYoungGen      total 317952K, used 317936K [0x00000000d5580000, 0x00000000ef700000, 0x0000000100000000)
  eden space 290816K, 100% used [0x00000000d5580000,0x00000000e7180000,0x00000000e7180000)
  from space 27136K, 99% used [0x00000000ea380000,0x00000000ebdfc118,0x00000000ebe00000)
  to   space 51200K, 0% used [0x00000000e7180000,0x00000000e7180000,0x00000000ea380000)
 ParOldGen       total 136704K, used 94004K [0x0000000080000000, 0x0000000088580000, 0x00000000d5580000)
  object space 136704K, 68% used [0x0000000080000000,0x0000000085bcd2e0,0x0000000088580000)
 Metaspace       used 77781K, capacity 82302K, committed 82456K, reserved 1120256K
  class space    used 10775K, capacity 11543K, committed 11568K, reserved 1048576K
Event: 16.247 GC heap after
Heap after GC invocations=16 (full 3):
 PSYoungGen      total 342016K, used 38785K [0x00000000d5580000, 0x00000000f1900000, 0x0000000100000000)
  eden space 290816K, 0% used [0x00000000d5580000,0x00000000d5580000,0x00000000e7180000)
  from space 51200K, 75% used [0x00000000e7180000,0x00000000e97607f8,0x00000000ea380000)
  to   space 55296K, 0% used [0x00000000ee300000,0x00000000ee300000,0x00000000f1900000)
 ParOldGen       total 136704K, used 120525K [0x0000000080000000, 0x0000000088580000, 0x00000000d5580000)
  object space 136704K, 88% used [0x0000000080000000,0x00000000875b35b0,0x0000000088580000)
 Metaspace       used 77781K, capacity 82302K, committed 82456K, reserved 1120256K
  class space    used 10775K, capacity 11543K, committed 11568K, reserved 1048576K
}
Event: 16.247 GC heap before
{Heap before GC invocations=17 (full 4):
 PSYoungGen      total 342016K, used 38785K [0x00000000d5580000, 0x00000000f1900000, 0x0000000100000000)
  eden space 290816K, 0% used [0x00000000d5580000,0x00000000d5580000,0x00000000e7180000)
  from space 51200K, 75% used [0x00000000e7180000,0x00000000e97607f8,0x00000000ea380000)
  to   space 55296K, 0% used [0x00000000ee300000,0x00000000ee300000,0x00000000f1900000)
 ParOldGen       total 136704K, used 120525K [0x0000000080000000, 0x0000000088580000, 0x00000000d5580000)
  object space 136704K, 88% used [0x0000000080000000,0x00000000875b35b0,0x0000000088580000)
 Metaspace       used 77781K, capacity 82302K, committed 82456K, reserved 1120256K
  class space    used 10775K, capacity 11543K, committed 11568K, reserved 1048576K
Event: 17.137 GC heap after
Heap after GC invocations=17 (full 4):
 PSYoungGen      total 342016K, used 7205K [0x00000000d5580000, 0x00000000f1900000, 0x0000000100000000)
  eden space 290816K, 0% used [0x00000000d5580000,0x00000000d5580000,0x00000000e7180000)
  from space 51200K, 14% used [0x00000000e7180000,0x00000000e78894d0,0x00000000ea380000)
  to   space 55296K, 0% used [0x00000000ee300000,0x00000000ee300000,0x00000000f1900000)
 ParOldGen       total 296960K, used 136328K [0x0000000080000000, 0x0000000092200000, 0x00000000d5580000)
  object space 296960K, 45% used [0x0000000080000000,0x0000000088522290,0x0000000092200000)
 Metaspace       used 77246K, capacity 80776K, committed 82456K, reserved 1120256K
  class space    used 10601K, capacity 11236K, committed 11568K, reserved 1048576K
}

